<?xml version="1.0" encoding="UTF-8"?>
<!-- Generated by org.testng.reporters.JUnitXMLReporter -->
<testsuite hostname="DESKTOP-K7Q1R6A" ignored="0" name="Test" tests="4" failures="0" timestamp="15 Dec 2019 11:47:59 GMT" time="146.284" errors="0">
  <testcase name="login" time="41.61" classname="CCS.Search_bar"/>
  <testcase name="homepage" time="7.991" classname="CCS.Home_page_test"/>
  <testcase name="login" time="7.232" classname="CCS.login_page_test"/>
  <testcase name="login_multiple_data" time="6.935" classname="CCS.login_page_test_using_dataprovider_annotation"/>
</testsuite> <!-- Test -->
