<?xml version="1.0" encoding="UTF-8"?>
<!-- Generated by org.testng.reporters.JUnitXMLReporter -->
<testsuite hostname="DESKTOP-K7Q1R6A" ignored="0" name="Test" tests="3" failures="0" timestamp="07 Dec 2019 15:44:39 GMT" time="76.982" errors="0">
  <testcase name="login" time="12.922" classname="CCS.Home_page_test"/>
  <testcase name="login" time="10.823" classname="CCS.login_page_test"/>
  <testcase name="login" time="7.386" classname="CCS.login_page_test_using_dataprovider_annotation"/>
</testsuite> <!-- Test -->
