<?xml version="1.0" encoding="UTF-8"?>
<testng-results skipped="0" failed="1" ignored="0" total="3" passed="2">
  <reporter-output>
  </reporter-output>
  <suite name="Suite" duration-ms="81705" started-at="2019-12-14T14:13:19Z" finished-at="2019-12-14T14:14:40Z">
    <groups>
    </groups>
    <test name="Test1" duration-ms="30566" started-at="2019-12-14T14:13:19Z" finished-at="2019-12-14T14:13:49Z">
      <class name="CCS.Home_page_test">
        <test-method status="PASS" signature="starttest()[pri:0, instance:CCS.Home_page_test@1500955a]" name="starttest" is-config="true" duration-ms="23229" started-at="2019-12-14T14:13:19Z" finished-at="2019-12-14T14:13:42Z">
          <reporter-output>
          </reporter-output>
        </test-method> <!-- starttest -->
        <test-method status="PASS" signature="homepage(java.lang.String, java.lang.String)[pri:0, instance:CCS.Home_page_test@1500955a]" name="homepage" duration-ms="7264" started-at="2019-12-14T14:13:42Z" data-provider="getdata" finished-at="2019-12-14T14:13:49Z">
          <params>
            <param index="0">
              <value>
                <![CDATA[samsonkaki1995@gmail.com]]>
              </value>
            </param>
            <param index="1">
              <value>
                <![CDATA[Christ@8374]]>
              </value>
            </param>
          </params>
          <reporter-output>
          </reporter-output>
        </test-method> <!-- homepage -->
      </class> <!-- CCS.Home_page_test -->
    </test> <!-- Test1 -->
    <test name="Test2" duration-ms="25725" started-at="2019-12-14T14:13:49Z" finished-at="2019-12-14T14:14:15Z">
      <class name="CCS.login_page_test">
        <test-method status="PASS" signature="starttest()[pri:0, instance:CCS.login_page_test@6121c9d6]" name="starttest" is-config="true" duration-ms="17503" started-at="2019-12-14T14:13:49Z" finished-at="2019-12-14T14:14:07Z">
          <reporter-output>
          </reporter-output>
        </test-method> <!-- starttest -->
        <test-method status="PASS" signature="login()[pri:0, instance:CCS.login_page_test@6121c9d6]" name="login" duration-ms="8220" started-at="2019-12-14T14:14:07Z" finished-at="2019-12-14T14:14:15Z">
          <reporter-output>
          </reporter-output>
        </test-method> <!-- login -->
      </class> <!-- CCS.login_page_test -->
    </test> <!-- Test2 -->
    <test name="Test4" duration-ms="1" started-at="2019-12-14T14:14:15Z" finished-at="2019-12-14T14:14:15Z">
    </test> <!-- Test4 -->
    <test name="Test3" duration-ms="25136" started-at="2019-12-14T14:14:15Z" finished-at="2019-12-14T14:14:40Z">
      <class name="CCS.login_page_test_using_dataprovider_annotation">
        <test-method status="PASS" signature="starttest()[pri:0, instance:CCS.login_page_test_using_dataprovider_annotation@56620197]" name="starttest" is-config="true" duration-ms="21019" started-at="2019-12-14T14:14:15Z" finished-at="2019-12-14T14:14:36Z">
          <reporter-output>
          </reporter-output>
        </test-method> <!-- starttest -->
        <test-method status="FAIL" signature="login_multiple_data(java.lang.String, java.lang.String)[pri:0, instance:CCS.login_page_test_using_dataprovider_annotation@56620197]" name="login_multiple_data" duration-ms="4064" started-at="2019-12-14T14:14:36Z" data-provider="getdata" finished-at="2019-12-14T14:14:40Z">
          <params>
            <param index="0">
              <value>
                <![CDATA[samsonkaki1995@gmail.com]]>
              </value>
            </param>
            <param index="1">
              <value>
                <![CDATA[Christ@8374]]>
              </value>
            </param>
          </params>
          <exception class="org.openqa.selenium.NoSuchWindowException">
            <message>
              <![CDATA[no such window: target window already closed
from unknown error: web view not found
  (Session info: chrome=78.0.3904.108)
Build info: version: '3.141.59', revision: 'e82be7d358', time: '2018-11-14T08:17:03'
System info: host: 'DESKTOP-K7Q1R6A', ip: '192.168.43.190', os.name: 'Windows 10', os.arch: 'amd64', os.version: '10.0', java.version: '1.8.0_211'
Driver info: org.openqa.selenium.chrome.ChromeDriver
Capabilities {acceptInsecureCerts: false, browserName: chrome, browserVersion: 78.0.3904.108, chrome: {chromedriverVersion: 78.0.3904.105 (60e2d8774a81..., userDataDir: C:\Users\Samson\AppData\Loc...}, goog:chromeOptions: {debuggerAddress: localhost:63886}, javascriptEnabled: true, networkConnectionEnabled: false, pageLoadStrategy: normal, platform: XP, platformName: XP, proxy: Proxy(), setWindowRect: true, strictFileInteractability: false, timeouts: {implicit: 0, pageLoad: 300000, script: 30000}, unhandledPromptBehavior: dismiss and notify}
Session ID: 69dfcce39b1ec81fd4af8e6ce8cb4c75
*** Element info: {Using=css selector, value=input[id='email']}]]>
            </message>
            <full-stacktrace>
              <![CDATA[org.openqa.selenium.NoSuchWindowException: no such window: target window already closed
from unknown error: web view not found
  (Session info: chrome=78.0.3904.108)
Build info: version: '3.141.59', revision: 'e82be7d358', time: '2018-11-14T08:17:03'
System info: host: 'DESKTOP-K7Q1R6A', ip: '192.168.43.190', os.name: 'Windows 10', os.arch: 'amd64', os.version: '10.0', java.version: '1.8.0_211'
Driver info: org.openqa.selenium.chrome.ChromeDriver
Capabilities {acceptInsecureCerts: false, browserName: chrome, browserVersion: 78.0.3904.108, chrome: {chromedriverVersion: 78.0.3904.105 (60e2d8774a81..., userDataDir: C:\Users\Samson\AppData\Loc...}, goog:chromeOptions: {debuggerAddress: localhost:63886}, javascriptEnabled: true, networkConnectionEnabled: false, pageLoadStrategy: normal, platform: XP, platformName: XP, proxy: Proxy(), setWindowRect: true, strictFileInteractability: false, timeouts: {implicit: 0, pageLoad: 300000, script: 30000}, unhandledPromptBehavior: dismiss and notify}
Session ID: 69dfcce39b1ec81fd4af8e6ce8cb4c75
*** Element info: {Using=css selector, value=input[id='email']}
at sun.reflect.NativeConstructorAccessorImpl.newInstance0(Native Method)
at sun.reflect.NativeConstructorAccessorImpl.newInstance(NativeConstructorAccessorImpl.java:62)
at sun.reflect.DelegatingConstructorAccessorImpl.newInstance(DelegatingConstructorAccessorImpl.java:45)
at java.lang.reflect.Constructor.newInstance(Constructor.java:423)
at org.openqa.selenium.remote.http.W3CHttpResponseCodec.createException(W3CHttpResponseCodec.java:187)
at org.openqa.selenium.remote.http.W3CHttpResponseCodec.decode(W3CHttpResponseCodec.java:122)
at org.openqa.selenium.remote.http.W3CHttpResponseCodec.decode(W3CHttpResponseCodec.java:49)
at org.openqa.selenium.remote.HttpCommandExecutor.execute(HttpCommandExecutor.java:158)
at org.openqa.selenium.remote.service.DriverCommandExecutor.execute(DriverCommandExecutor.java:83)
at org.openqa.selenium.remote.RemoteWebDriver.execute(RemoteWebDriver.java:552)
at org.openqa.selenium.remote.RemoteWebDriver.findElement(RemoteWebDriver.java:323)
at org.openqa.selenium.remote.RemoteWebDriver.findElementByCssSelector(RemoteWebDriver.java:420)
at org.openqa.selenium.By$ByCssSelector.findElement(By.java:431)
at org.openqa.selenium.remote.RemoteWebDriver.findElement(RemoteWebDriver.java:315)
at pageObjects.login_Pageobjects_elements.loginuser(login_Pageobjects_elements.java:27)
at CCS.login_page_test_using_dataprovider_annotation.login_multiple_data(login_page_test_using_dataprovider_annotation.java:38)
at sun.reflect.NativeMethodAccessorImpl.invoke0(Native Method)
at sun.reflect.NativeMethodAccessorImpl.invoke(NativeMethodAccessorImpl.java:62)
at sun.reflect.DelegatingMethodAccessorImpl.invoke(DelegatingMethodAccessorImpl.java:43)
at java.lang.reflect.Method.invoke(Method.java:498)
at org.testng.internal.MethodInvocationHelper.invokeMethod(MethodInvocationHelper.java:124)
at org.testng.internal.Invoker.invokeMethod(Invoker.java:583)
at org.testng.internal.Invoker.invokeTestMethod(Invoker.java:719)
at org.testng.internal.Invoker.invokeTestMethods(Invoker.java:989)
at org.testng.internal.TestMethodWorker.invokeTestMethods(TestMethodWorker.java:125)
at org.testng.internal.TestMethodWorker.run(TestMethodWorker.java:109)
at org.testng.TestRunner.privateRun(TestRunner.java:648)
at org.testng.TestRunner.run(TestRunner.java:505)
at org.testng.SuiteRunner.runTest(SuiteRunner.java:455)
at org.testng.SuiteRunner.runSequentially(SuiteRunner.java:450)
at org.testng.SuiteRunner.privateRun(SuiteRunner.java:415)
at org.testng.SuiteRunner.run(SuiteRunner.java:364)
at org.testng.SuiteRunnerWorker.runSuite(SuiteRunnerWorker.java:52)
at org.testng.SuiteRunnerWorker.run(SuiteRunnerWorker.java:84)
at org.testng.TestNG.runSuitesSequentially(TestNG.java:1208)
at org.testng.TestNG.runSuitesLocally(TestNG.java:1137)
at org.testng.TestNG.runSuites(TestNG.java:1049)
at org.testng.TestNG.run(TestNG.java:1017)
at org.apache.maven.surefire.testng.TestNGExecutor.run(TestNGExecutor.java:283)
at org.apache.maven.surefire.testng.TestNGXmlTestSuite.execute(TestNGXmlTestSuite.java:75)
at org.apache.maven.surefire.testng.TestNGProvider.invoke(TestNGProvider.java:120)
at org.apache.maven.surefire.booter.ForkedBooter.runSuitesInProcess(ForkedBooter.java:377)
at org.apache.maven.surefire.booter.ForkedBooter.execute(ForkedBooter.java:138)
at org.apache.maven.surefire.booter.ForkedBooter.run(ForkedBooter.java:465)
at org.apache.maven.surefire.booter.ForkedBooter.main(ForkedBooter.java:451)
]]>
            </full-stacktrace>
          </exception> <!-- org.openqa.selenium.NoSuchWindowException -->
          <reporter-output>
          </reporter-output>
        </test-method> <!-- login_multiple_data -->
      </class> <!-- CCS.login_page_test_using_dataprovider_annotation -->
    </test> <!-- Test3 -->
  </suite> <!-- Suite -->
</testng-results>
