<?xml version="1.0" encoding="UTF-8"?>
<testng-results skipped="0" failed="0" ignored="0" total="3" passed="3">
  <reporter-output>
  </reporter-output>
  <suite name="Suite" duration-ms="123006" started-at="2019-12-15T11:15:23Z" finished-at="2019-12-15T11:17:26Z">
    <groups>
    </groups>
    <test name="Test1" duration-ms="35272" started-at="2019-12-15T11:15:23Z" finished-at="2019-12-15T11:15:58Z">
      <class name="CCS.Home_page_test">
        <test-method status="PASS" signature="starttest()[pri:0, instance:CCS.Home_page_test@b3d7190]" name="starttest" is-config="true" duration-ms="27072" started-at="2019-12-15T11:15:23Z" finished-at="2019-12-15T11:15:50Z">
          <reporter-output>
          </reporter-output>
        </test-method> <!-- starttest -->
        <test-method status="PASS" signature="homepage(java.lang.String, java.lang.String)[pri:0, instance:CCS.Home_page_test@b3d7190]" name="homepage" duration-ms="8088" started-at="2019-12-15T11:15:50Z" data-provider="getdata" finished-at="2019-12-15T11:15:58Z">
          <params>
            <param index="0">
              <value>
                <![CDATA[samsonkaki1995@gmail.com]]>
              </value>
            </param>
            <param index="1">
              <value>
                <![CDATA[Christ@8374]]>
              </value>
            </param>
          </params>
          <reporter-output>
          </reporter-output>
        </test-method> <!-- homepage -->
      </class> <!-- CCS.Home_page_test -->
    </test> <!-- Test1 -->
    <test name="Test2" duration-ms="33734" started-at="2019-12-15T11:15:59Z" finished-at="2019-12-15T11:16:33Z">
      <class name="CCS.login_page_test">
        <test-method status="PASS" signature="starttest()[pri:0, instance:CCS.login_page_test@80169cf]" name="starttest" is-config="true" duration-ms="21065" started-at="2019-12-15T11:15:59Z" finished-at="2019-12-15T11:16:20Z">
          <reporter-output>
          </reporter-output>
        </test-method> <!-- starttest -->
        <test-method status="PASS" signature="login()[pri:0, instance:CCS.login_page_test@80169cf]" name="login" duration-ms="12663" started-at="2019-12-15T11:16:20Z" finished-at="2019-12-15T11:16:33Z">
          <reporter-output>
          </reporter-output>
        </test-method> <!-- login -->
      </class> <!-- CCS.login_page_test -->
    </test> <!-- Test2 -->
    <test name="Test4" duration-ms="1" started-at="2019-12-15T11:16:33Z" finished-at="2019-12-15T11:16:33Z">
    </test> <!-- Test4 -->
    <test name="Test3" duration-ms="53330" started-at="2019-12-15T11:16:33Z" finished-at="2019-12-15T11:17:26Z">
      <class name="CCS.login_page_test_using_dataprovider_annotation">
        <test-method status="PASS" signature="starttest()[pri:0, instance:CCS.login_page_test_using_dataprovider_annotation@689604d9]" name="starttest" is-config="true" duration-ms="27280" started-at="2019-12-15T11:16:33Z" finished-at="2019-12-15T11:17:00Z">
          <reporter-output>
          </reporter-output>
        </test-method> <!-- starttest -->
        <test-method status="PASS" signature="login_multiple_data(java.lang.String, java.lang.String)[pri:0, instance:CCS.login_page_test_using_dataprovider_annotation@689604d9]" name="login_multiple_data" duration-ms="26045" started-at="2019-12-15T11:17:00Z" data-provider="getdata" finished-at="2019-12-15T11:17:26Z">
          <params>
            <param index="0">
              <value>
                <![CDATA[samsonkaki1995@gmail.com]]>
              </value>
            </param>
            <param index="1">
              <value>
                <![CDATA[Christ@8374]]>
              </value>
            </param>
          </params>
          <reporter-output>
          </reporter-output>
        </test-method> <!-- login_multiple_data -->
      </class> <!-- CCS.login_page_test_using_dataprovider_annotation -->
    </test> <!-- Test3 -->
  </suite> <!-- Suite -->
</testng-results>
